â–˛ Next.js 16.2.2 (Turbopack)
- Environments: .env

  Creating an optimized production build ...
âś“ Compiled successfully in 36.8s
  Running TypeScript ...
  Finished TypeScript in 61s ...
  Collecting page data using 3 workers ...
  Generating static pages using 3 workers (0/64) ...
  Generating static pages using 3 workers (16/64) 
The width(-1) and height(-1) of chart should be greater than 0,
       please check the style of container, or the props width(100%) and height(100%),
       or add a minWidth(0) or minHeight(undefined) or use aspect(undefined) to control the
       height and width.
The width(-1) and height(-1) of chart should be greater than 0,
       please check the style of container, or the props width(100%) and height(100%),
       or add a minWidth(0) or minHeight(undefined) or use aspect(undefined) to control the
       height and width.
  Generating static pages using 3 workers (32/64) 
  Generating static pages using 3 workers (48/64) 
âś“ Generating static pages using 3 workers (64/64) in 2.5s
  Finalizing page optimization ...

Route (app)
â”Ś â—‹ /
â”ś â—‹ /_not-found
â”ś â—‹ /account
â”ś Ć’ /api/auth/[...nextauth]
â”ś Ć’ /api/v1/approvers
â”ś Ć’ /api/v1/approvers/[id]
â”ś Ć’ /api/v1/asset-categories
â”ś Ć’ /api/v1/asset-categories/[id]
â”ś Ć’ /api/v1/assets
â”ś Ć’ /api/v1/assets/[id]
â”ś Ć’ /api/v1/audit
â”ś Ć’ /api/v1/automations
â”ś Ć’ /api/v1/automations/[id]
â”ś Ć’ /api/v1/contacts
â”ś Ć’ /api/v1/contracts
â”ś Ć’ /api/v1/dashboard/stats
â”ś Ć’ /api/v1/freshservice/history
â”ś Ć’ /api/v1/freshservice/import
â”ś Ć’ /api/v1/freshservice/preview
â”ś Ć’ /api/v1/integrations/atera/customers
â”ś Ć’ /api/v1/integrations/atera/customers/[id]/agents
â”ś Ć’ /api/v1/integrations/atera/test
â”ś Ć’ /api/v1/integrations/mappings
â”ś Ć’ /api/v1/integrations/smtp/config
â”ś Ć’ /api/v1/integrations/smtp/send-test
â”ś Ć’ /api/v1/integrations/smtp/test
â”ś Ć’ /api/v1/kanban-boards
â”ś Ć’ /api/v1/kanban-boards/[id]
â”ś Ć’ /api/v1/kb/articles
â”ś Ć’ /api/v1/kb/articles/[id]
â”ś Ć’ /api/v1/kb/categories
â”ś Ć’ /api/v1/kb/categories/[id]
â”ś Ć’ /api/v1/monitoring/alerts
â”ś Ć’ /api/v1/monitoring/sources
â”ś Ć’ /api/v1/organizations
â”ś Ć’ /api/v1/organizations/[id]
â”ś Ć’ /api/v1/organizations/[id]/assets
â”ś Ć’ /api/v1/organizations/[id]/assets/sync
â”ś Ć’ /api/v1/organizations/[id]/billing
â”ś Ć’ /api/v1/organizations/[id]/enrich
â”ś Ć’ /api/v1/organizations/[id]/integrations
â”ś Ć’ /api/v1/organizations/[id]/logo
â”ś Ć’ /api/v1/portal-access
â”ś Ć’ /api/v1/portal-access/[id]
â”ś Ć’ /api/v1/portal-domain
â”ś Ć’ /api/v1/portal-domain/cert-status
â”ś Ć’ /api/v1/portal-domain/test-cloudflare
â”ś Ć’ /api/v1/portal-domain/test-renewal
â”ś Ć’ /api/v1/portal/projects
â”ś Ć’ /api/v1/portal/projects/[id]
â”ś Ć’ /api/v1/portal/reports
â”ś Ć’ /api/v1/portal/tickets
â”ś Ć’ /api/v1/projects
â”ś Ć’ /api/v1/projects/[id]
â”ś Ć’ /api/v1/scheduling/templates
â”ś Ć’ /api/v1/scheduling/templates/[id]
â”ś Ć’ /api/v1/sla/global
â”ś Ć’ /api/v1/sla/orgs/[orgId]
â”ś Ć’ /api/v1/tickets
â”ś Ć’ /api/v1/tickets/[id]
â”ś Ć’ /api/v1/tickets/[id]/comments
â”ś Ć’ /api/v1/users
â”ś â—‹ /assets
â”ś Ć’ /assets/[id]
â”ś â—‹ /automations
â”ś â—‹ /billing
â”ś â—‹ /contacts
â”ś â—‹ /dashboard
â”ś â—‹ /help
â”ś â—‹ /icon.png
â”ś â—‹ /knowledge
â”ś Ć’ /knowledge/[slug]
â”ś â—‹ /login
â”ś â—‹ /monitoring
â”ś â—‹ /organizations
â”ś Ć’ /organizations/[id]
â”ś â—‹ /portal
â”ś â—‹ /portal/kb
â”ś â—‹ /portal/login
â”ś â—‹ /portal/projects
â”ś Ć’ /portal/projects/[id]
â”ś â—‹ /portal/reports
â”ś â—‹ /portal/tickets
â”ś Ć’ /portal/tickets/[id]
â”ś â—‹ /portal/tickets/new
â”ś â—‹ /projects
â”ś Ć’ /projects/[id]
â”ś â—‹ /reports
â”ś â—‹ /scheduling
â”ś â—‹ /settings
â”ś â—‹ /tickets
â”ś Ć’ /tickets/[id]
â”ś â—‹ /tickets/kanban
â”” â—‹ /tickets/new


Ć’ Proxy (Middleware)

â—‹  (Static)   prerendered as static content
Ć’  (Dynamic)  server-rendered on demand

